# JRE version: OpenJDK Runtime Environment JBR-25+36-176.4-nomod (25.0+36) (build 25+36-b176.4)
# Java VM: OpenJDK 64-Bit Server VM JBR-25+36-176.4-nomod (25+36-b176.4, mixed mode, sharing, tiered, compressed oops, compressed class ptrs, g1 gc, linux-amd64)
GC Precious Log:
 CardTable entry size: 512
 Card Set container configuration: InlinePtr #cards 3 size 8 Array Of Cards #cards 128 size 272 Howl #buckets 8 coarsen threshold 29491 Howl Bitmap #cards 4096 size 528 coarsen threshold 3686 Card regions per heap region 1 cards per card region 32768
 CPUs: 32 total, 32 available
 Memory: 125G
 Large Page Support: Disabled
 NUMA Support: Disabled
 Compressed Oops: Enabled (Zero based)
 Heap Region Size: 16M
 Heap Min Capacity: 16M
 Heap Initial Capacity: 2016M
 Heap Max Capacity: 30688M
 Pre-touch: Disabled
 Parallel Workers: 23
 Concurrent Workers: 6
 Concurrent Refinement Workers: 23
 Periodic GC: Disabled
Heap:
 garbage-first heap   total reserved 31424512K, committed 557056K, used 199072K [0x0000000082000000, 0x0000000800000000)
  region size 16384K, 6 young (98304K), 2 survivors (32768K)
GC Heap Usage History (20 events):
Event: 9.076 {heap Before GC invocations=26 (full 0):
 garbage-first heap   total reserved 31424512K, committed 278528K, used 200093K [0x0000000082000000, 0x0000000800000000)
  region size 16384K, 10 young (163840K), 2 survivors (32768K)
}
Event: 9.086 {heap After GC invocations=27 (full 0):
 garbage-first heap   total reserved 31424512K, committed 278528K, used 71889K [0x0000000082000000, 0x0000000800000000)
  region size 16384K, 2 young (32768K), 2 survivors (32768K)
}
Event: 9.562 {heap Before GC invocations=27 (full 0):
 garbage-first heap   total reserved 31424512K, committed 278528K, used 202961K [0x0000000082000000, 0x0000000800000000)
  region size 16384K, 10 young (163840K), 2 survivors (32768K)
}
Event: 9.569 {heap After GC invocations=28 (full 0):
 garbage-first heap   total reserved 31424512K, committed 278528K, used 76686K [0x0000000082000000, 0x0000000800000000)
  region size 16384K, 2 young (32768K), 2 survivors (32768K)
}
Event: 10.433 {heap Before GC invocations=28 (full 0):
 garbage-first heap   total reserved 31424512K, committed 278528K, used 207758K [0x0000000082000000, 0x0000000800000000)
  region size 16384K, 10 young (163840K), 2 survivors (32768K)
}
Event: 10.440 {heap After GC invocations=29 (full 0):
 garbage-first heap   total reserved 31424512K, committed 1179648K, used 79290K [0x0000000082000000, 0x0000000800000000)
  region size 16384K, 1 young (16384K), 1 survivors (16384K)
}
Event: 11.427 {heap Before GC invocations=29 (full 0):
 garbage-first heap   total reserved 31424512K, committed 1179648K, used 767418K [0x0000000082000000, 0x0000000800000000)
  region size 16384K, 43 young (704512K), 1 survivors (16384K)
}
Event: 11.434 {heap After GC invocations=30 (full 0):
 garbage-first heap   total reserved 31424512K, committed 1179648K, used 83450K [0x0000000082000000, 0x0000000800000000)
  region size 16384K, 2 young (32768K), 2 survivors (32768K)
}
Event: 12.220 {heap Before GC invocations=30 (full 0):
 garbage-first heap   total reserved 31424512K, committed 1179648K, used 755194K [0x0000000082000000, 0x0000000800000000)
  region size 16384K, 43 young (704512K), 2 survivors (32768K)
}
Event: 12.229 {heap After GC invocations=31 (full 0):
 garbage-first heap   total reserved 31424512K, committed 1179648K, used 88974K [0x0000000082000000, 0x0000000800000000)
  region size 16384K, 2 young (32768K), 2 survivors (32768K)
}
Event: 13.153 {heap Before GC invocations=31 (full 0):
 garbage-first heap   total reserved 31424512K, committed 1179648K, used 760718K [0x0000000082000000, 0x0000000800000000)
  region size 16384K, 43 young (704512K), 2 survivors (32768K)
}
Event: 13.160 {heap After GC invocations=32 (full 0):
 garbage-first heap   total reserved 31424512K, committed 1179648K, used 88738K [0x0000000082000000, 0x0000000800000000)
  region size 16384K, 2 young (32768K), 2 survivors (32768K)
}
Event: 17.746 {heap Before GC invocations=32 (full 0):
 garbage-first heap   total reserved 31424512K, committed 1179648K, used 760482K [0x0000000082000000, 0x0000000800000000)
  region size 16384K, 43 young (704512K), 2 survivors (32768K)
}
Event: 17.754 {heap After GC invocations=33 (full 0):
 garbage-first heap   total reserved 31424512K, committed 1179648K, used 98135K [0x0000000082000000, 0x0000000800000000)
  region size 16384K, 3 young (49152K), 3 survivors (49152K)
}
Event: 390.114 {heap Before GC invocations=33 (full 0):
 garbage-first heap   total reserved 31424512K, committed 1179648K, used 573271K [0x0000000082000000, 0x0000000800000000)
  region size 16384K, 33 young (540672K), 3 survivors (49152K)
}
Event: 390.131 {heap After GC invocations=34 (full 0):
 garbage-first heap   total reserved 31424512K, committed 1179648K, used 135610K [0x0000000082000000, 0x0000000800000000)
  region size 16384K, 5 young (81920K), 5 survivors (81920K)
}
Event: 1335.689 {heap Before GC invocations=35 (full 0):
 garbage-first heap   total reserved 31424512K, committed 557056K, used 381370K [0x0000000082000000, 0x0000000800000000)
  region size 16384K, 20 young (327680K), 5 survivors (81920K)
}
Event: 1335.709 {heap After GC invocations=36 (full 0):
 garbage-first heap   total reserved 31424512K, committed 557056K, used 142231K [0x0000000082000000, 0x0000000800000000)
  region size 16384K, 2 young (32768K), 2 survivors (32768K)
}
Event: 1337.375 {heap Before GC invocations=36 (full 0):
 garbage-first heap   total reserved 31424512K, committed 557056K, used 371607K [0x0000000082000000, 0x0000000800000000)
  region size 16384K, 17 young (278528K), 2 survivors (32768K)
}
Event: 1337.382 {heap After GC invocations=37 (full 0):
 garbage-first heap   total reserved 31424512K, committed 557056K, used 149920K [0x0000000082000000, 0x0000000800000000)
  region size 16384K, 2 young (32768K), 2 survivors (32768K)
}

