# JRE version: OpenJDK Runtime Environment JBR-25+36-176.4-nomod (25.0+36) (build 25+36-b176.4)
# Java VM: OpenJDK 64-Bit Server VM JBR-25+36-176.4-nomod (25+36-b176.4, mixed mode, sharing, tiered, compressed oops, compressed class ptrs, g1 gc, linux-amd64)
GC Precious Log:
 CardTable entry size: 512
 Card Set container configuration: InlinePtr #cards 3 size 8 Array Of Cards #cards 128 size 272 Howl #buckets 8 coarsen threshold 29491 Howl Bitmap #cards 4096 size 528 coarsen threshold 3686 Card regions per heap region 1 cards per card region 32768
 CPUs: 32 total, 32 available
 Memory: 125G
 Large Page Support: Disabled
 NUMA Support: Disabled
 Compressed Oops: Enabled (Zero based)
 Heap Region Size: 16M
 Heap Min Capacity: 16M
 Heap Initial Capacity: 2016M
 Heap Max Capacity: 30688M
 Pre-touch: Disabled
 Parallel Workers: 23
 Concurrent Workers: 6
 Concurrent Refinement Workers: 23
 Periodic GC: Disabled
Heap:
 garbage-first heap   total reserved 31424512K, committed 442368K, used 258801K [0x0000000082000000, 0x0000000800000000)
  region size 16384K, 7 young (114688K), 2 survivors (32768K)
GC Heap Usage History (20 events):
Event: 1629.111 {heap Before GC invocations=53 (full 1):
 garbage-first heap   total reserved 31424512K, committed 442368K, used 381616K [0x0000000082000000, 0x0000000800000000)
  region size 16384K, 15 young (245760K), 1 survivors (16384K)
}
Event: 1629.116 {heap After GC invocations=54 (full 1):
 garbage-first heap   total reserved 31424512K, committed 442368K, used 163640K [0x0000000082000000, 0x0000000800000000)
  region size 16384K, 2 young (32768K), 2 survivors (32768K)
}
Event: 1630.041 {heap Before GC invocations=54 (full 1):
 garbage-first heap   total reserved 31424512K, committed 442368K, used 360248K [0x0000000082000000, 0x0000000800000000)
  region size 16384K, 15 young (245760K), 2 survivors (32768K)
}
Event: 1630.047 {heap After GC invocations=55 (full 1):
 garbage-first heap   total reserved 31424512K, committed 442368K, used 160319K [0x0000000082000000, 0x0000000800000000)
  region size 16384K, 1 young (16384K), 1 survivors (16384K)
}
Event: 1630.725 {heap Before GC invocations=55 (full 1):
 garbage-first heap   total reserved 31424512K, committed 442368K, used 373311K [0x0000000082000000, 0x0000000800000000)
  region size 16384K, 14 young (229376K), 1 survivors (16384K)
}
Event: 1630.730 {heap After GC invocations=56 (full 1):
 garbage-first heap   total reserved 31424512K, committed 442368K, used 165554K [0x0000000082000000, 0x0000000800000000)
  region size 16384K, 1 young (16384K), 1 survivors (16384K)
}
Event: 1631.583 {heap Before GC invocations=57 (full 1):
 garbage-first heap   total reserved 31424512K, committed 442368K, used 362162K [0x0000000082000000, 0x0000000800000000)
  region size 16384K, 14 young (229376K), 1 survivors (16384K)
}
Event: 1631.589 {heap After GC invocations=58 (full 1):
 garbage-first heap   total reserved 31424512K, committed 442368K, used 172653K [0x0000000082000000, 0x0000000800000000)
  region size 16384K, 2 young (32768K), 2 survivors (32768K)
}
Event: 1633.243 {heap Before GC invocations=58 (full 1):
 garbage-first heap   total reserved 31424512K, committed 442368K, used 369261K [0x0000000082000000, 0x0000000800000000)
  region size 16384K, 14 young (229376K), 2 survivors (32768K)
}
Event: 1633.253 {heap After GC invocations=59 (full 1):
 garbage-first heap   total reserved 31424512K, committed 442368K, used 180834K [0x0000000082000000, 0x0000000800000000)
  region size 16384K, 2 young (32768K), 2 survivors (32768K)
}
Event: 1637.214 {heap Before GC invocations=59 (full 1):
 garbage-first heap   total reserved 31424512K, committed 442368K, used 377442K [0x0000000082000000, 0x0000000800000000)
  region size 16384K, 14 young (229376K), 2 survivors (32768K)
}
Event: 1637.231 {heap After GC invocations=60 (full 1):
 garbage-first heap   total reserved 31424512K, committed 442368K, used 178795K [0x0000000082000000, 0x0000000800000000)
  region size 16384K, 1 young (16384K), 1 survivors (16384K)
}
Event: 1639.544 {heap Before GC invocations=61 (full 1):
 garbage-first heap   total reserved 31424512K, committed 442368K, used 375403K [0x0000000082000000, 0x0000000800000000)
  region size 16384K, 13 young (212992K), 1 survivors (16384K)
}
Event: 1639.553 {heap After GC invocations=62 (full 1):
 garbage-first heap   total reserved 31424512K, committed 442368K, used 182174K [0x0000000082000000, 0x0000000800000000)
  region size 16384K, 2 young (32768K), 2 survivors (32768K)
}
Event: 1642.026 {heap Before GC invocations=62 (full 1):
 garbage-first heap   total reserved 31424512K, committed 442368K, used 346014K [0x0000000082000000, 0x0000000800000000)
  region size 16384K, 13 young (212992K), 2 survivors (32768K)
}
Event: 1642.042 {heap After GC invocations=63 (full 1):
 garbage-first heap   total reserved 31424512K, committed 442368K, used 182084K [0x0000000082000000, 0x0000000800000000)
  region size 16384K, 2 young (32768K), 2 survivors (32768K)
}
Event: 1643.705 {heap Before GC invocations=63 (full 1):
 garbage-first heap   total reserved 31424512K, committed 442368K, used 378692K [0x0000000082000000, 0x0000000800000000)
  region size 16384K, 14 young (229376K), 2 survivors (32768K)
}
Event: 1643.710 {heap After GC invocations=64 (full 1):
 garbage-first heap   total reserved 31424512K, committed 442368K, used 187077K [0x0000000082000000, 0x0000000800000000)
  region size 16384K, 2 young (32768K), 2 survivors (32768K)
}
Event: 1646.422 {heap Before GC invocations=65 (full 1):
 garbage-first heap   total reserved 31424512K, committed 442368K, used 383685K [0x0000000082000000, 0x0000000800000000)
  region size 16384K, 14 young (229376K), 2 survivors (32768K)
}
Event: 1646.427 {heap After GC invocations=66 (full 1):
 garbage-first heap   total reserved 31424512K, committed 442368K, used 193265K [0x0000000082000000, 0x0000000800000000)
  region size 16384K, 2 young (32768K), 2 survivors (32768K)
}

