# JRE version: OpenJDK Runtime Environment JBR-25+36-176.4-nomod (25.0+36) (build 25+36-b176.4)
# Java VM: OpenJDK 64-Bit Server VM JBR-25+36-176.4-nomod (25+36-b176.4, mixed mode, sharing, tiered, compressed oops, compressed class ptrs, g1 gc, linux-amd64)
GC Precious Log:
 CardTable entry size: 512
 Card Set container configuration: InlinePtr #cards 3 size 8 Array Of Cards #cards 128 size 272 Howl #buckets 8 coarsen threshold 29491 Howl Bitmap #cards 4096 size 528 coarsen threshold 3686 Card regions per heap region 1 cards per card region 32768
 CPUs: 32 total, 32 available
 Memory: 125G
 Large Page Support: Disabled
 NUMA Support: Disabled
 Compressed Oops: Enabled (Zero based)
 Heap Region Size: 16M
 Heap Min Capacity: 16M
 Heap Initial Capacity: 2016M
 Heap Max Capacity: 30688M
 Pre-touch: Disabled
 Parallel Workers: 23
 Concurrent Workers: 6
 Concurrent Refinement Workers: 23
 Periodic GC: Disabled
Heap:
 garbage-first heap   total reserved 31424512K, committed 557056K, used 292702K [0x0000000082000000, 0x0000000800000000)
  region size 16384K, 14 young (229376K), 2 survivors (32768K)
GC Heap Usage History (20 events):
Event: 10.745 {heap Before GC invocations=22 (full 0):
 garbage-first heap   total reserved 31424512K, committed 311296K, used 218593K [0x0000000082000000, 0x0000000800000000)
  region size 16384K, 11 young (180224K), 2 survivors (32768K)
}
Event: 10.757 {heap After GC invocations=23 (full 0):
 garbage-first heap   total reserved 31424512K, committed 311296K, used 74294K [0x0000000082000000, 0x0000000800000000)
  region size 16384K, 2 young (32768K), 2 survivors (32768K)
}
Event: 11.548 {heap Before GC invocations=23 (full 0):
 garbage-first heap   total reserved 31424512K, committed 311296K, used 221750K [0x0000000082000000, 0x0000000800000000)
  region size 16384K, 11 young (180224K), 2 survivors (32768K)
}
Event: 11.557 {heap After GC invocations=24 (full 0):
 garbage-first heap   total reserved 31424512K, committed 311296K, used 78639K [0x0000000082000000, 0x0000000800000000)
  region size 16384K, 2 young (32768K), 2 survivors (32768K)
}
Event: 12.607 {heap Before GC invocations=24 (full 0):
 garbage-first heap   total reserved 31424512K, committed 311296K, used 226095K [0x0000000082000000, 0x0000000800000000)
  region size 16384K, 11 young (180224K), 2 survivors (32768K)
}
Event: 12.616 {heap After GC invocations=25 (full 0):
 garbage-first heap   total reserved 31424512K, committed 1196032K, used 81980K [0x0000000082000000, 0x0000000800000000)
  region size 16384K, 1 young (16384K), 1 survivors (16384K)
}
Event: 13.503 {heap Before GC invocations=25 (full 0):
 garbage-first heap   total reserved 31424512K, committed 1196032K, used 753724K [0x0000000082000000, 0x0000000800000000)
  region size 16384K, 43 young (704512K), 1 survivors (16384K)
}
Event: 13.513 {heap After GC invocations=26 (full 0):
 garbage-first heap   total reserved 31424512K, committed 1196032K, used 90171K [0x0000000082000000, 0x0000000800000000)
  region size 16384K, 2 young (32768K), 2 survivors (32768K)
}
Event: 16.082 {heap Before GC invocations=26 (full 0):
 garbage-first heap   total reserved 31424512K, committed 1196032K, used 761915K [0x0000000082000000, 0x0000000800000000)
  region size 16384K, 43 young (704512K), 2 survivors (32768K)
}
Event: 16.100 {heap After GC invocations=27 (full 0):
 garbage-first heap   total reserved 31424512K, committed 1196032K, used 109210K [0x0000000082000000, 0x0000000800000000)
  region size 16384K, 3 young (49152K), 3 survivors (49152K)
}
Event: 243.733 {heap Before GC invocations=27 (full 0):
 garbage-first heap   total reserved 31424512K, committed 1196032K, used 584346K [0x0000000082000000, 0x0000000800000000)
  region size 16384K, 34 young (557056K), 3 survivors (49152K)
}
Event: 243.747 {heap After GC invocations=28 (full 0):
 garbage-first heap   total reserved 31424512K, committed 1196032K, used 131933K [0x0000000082000000, 0x0000000800000000)
  region size 16384K, 5 young (81920K), 5 survivors (81920K)
}
Event: 2039.805 {heap Before GC invocations=29 (full 0):
 garbage-first heap   total reserved 31424512K, committed 557056K, used 377693K [0x0000000082000000, 0x0000000800000000)
  region size 16384K, 20 young (327680K), 5 survivors (81920K)
}
Event: 2039.818 {heap After GC invocations=30 (full 0):
 garbage-first heap   total reserved 31424512K, committed 557056K, used 129693K [0x0000000082000000, 0x0000000800000000)
  region size 16384K, 2 young (32768K), 2 survivors (32768K)
}
Event: 2425.254 {heap Before GC invocations=30 (full 0):
 garbage-first heap   total reserved 31424512K, committed 557056K, used 162461K [0x0000000082000000, 0x0000000800000000)
  region size 16384K, 5 young (81920K), 2 survivors (32768K)
}
Event: 2425.259 {heap After GC invocations=31 (full 0):
 garbage-first heap   total reserved 31424512K, committed 557056K, used 129433K [0x0000000082000000, 0x0000000800000000)
  region size 16384K, 2 young (32768K), 2 survivors (32768K)
}
Event: 5467.476 {heap Before GC invocations=32 (full 0):
 garbage-first heap   total reserved 31424512K, committed 557056K, used 424345K [0x0000000082000000, 0x0000000800000000)
  region size 16384K, 20 young (327680K), 2 survivors (32768K)
}
Event: 5467.482 {heap After GC invocations=33 (full 0):
 garbage-first heap   total reserved 31424512K, committed 557056K, used 128784K [0x0000000082000000, 0x0000000800000000)
  region size 16384K, 2 young (32768K), 2 survivors (32768K)
}
Event: 8494.496 {heap Before GC invocations=33 (full 0):
 garbage-first heap   total reserved 31424512K, committed 557056K, used 423696K [0x0000000082000000, 0x0000000800000000)
  region size 16384K, 20 young (327680K), 2 survivors (32768K)
}
Event: 8494.503 {heap After GC invocations=34 (full 0):
 garbage-first heap   total reserved 31424512K, committed 557056K, used 128862K [0x0000000082000000, 0x0000000800000000)
  region size 16384K, 2 young (32768K), 2 survivors (32768K)
}

