# JRE version: OpenJDK Runtime Environment JBR-25+36-176.4-nomod (25.0+36) (build 25+36-b176.4)
# Java VM: OpenJDK 64-Bit Server VM JBR-25+36-176.4-nomod (25+36-b176.4, mixed mode, sharing, tiered, compressed oops, compressed class ptrs, g1 gc, linux-amd64)
GC Precious Log:
 CardTable entry size: 512
 Card Set container configuration: InlinePtr #cards 3 size 8 Array Of Cards #cards 128 size 272 Howl #buckets 8 coarsen threshold 29491 Howl Bitmap #cards 4096 size 528 coarsen threshold 3686 Card regions per heap region 1 cards per card region 32768
 CPUs: 32 total, 32 available
 Memory: 125G
 Large Page Support: Disabled
 NUMA Support: Disabled
 Compressed Oops: Enabled (Zero based)
 Heap Region Size: 16M
 Heap Min Capacity: 16M
 Heap Initial Capacity: 2016M
 Heap Max Capacity: 30688M
 Pre-touch: Disabled
 Parallel Workers: 23
 Concurrent Workers: 6
 Concurrent Refinement Workers: 23
 Periodic GC: Disabled
Heap:
 garbage-first heap   total reserved 31424512K, committed 491520K, used 162388K [0x0000000082000000, 0x0000000800000000)
  region size 16384K, 4 young (65536K), 2 survivors (32768K)
GC Heap Usage History (20 events):
Event: 14.775 {heap Before GC invocations=27 (full 0):
 garbage-first heap   total reserved 31424512K, committed 311296K, used 218123K [0x0000000082000000, 0x0000000800000000)
  region size 16384K, 11 young (180224K), 2 survivors (32768K)
}
Event: 14.787 {heap After GC invocations=28 (full 0):
 garbage-first heap   total reserved 31424512K, committed 311296K, used 73661K [0x0000000082000000, 0x0000000800000000)
  region size 16384K, 2 young (32768K), 2 survivors (32768K)
}
Event: 16.096 {heap Before GC invocations=28 (full 0):
 garbage-first heap   total reserved 31424512K, committed 311296K, used 221117K [0x0000000082000000, 0x0000000800000000)
  region size 16384K, 11 young (180224K), 2 survivors (32768K)
}
Event: 16.119 {heap After GC invocations=29 (full 0):
 garbage-first heap   total reserved 31424512K, committed 311296K, used 77686K [0x0000000082000000, 0x0000000800000000)
  region size 16384K, 1 young (16384K), 1 survivors (16384K)
}
Event: 17.028 {heap Before GC invocations=29 (full 0):
 garbage-first heap   total reserved 31424512K, committed 311296K, used 241526K [0x0000000082000000, 0x0000000800000000)
  region size 16384K, 11 young (180224K), 1 survivors (16384K)
}
Event: 17.040 {heap After GC invocations=30 (full 0):
 garbage-first heap   total reserved 31424512K, committed 1196032K, used 80023K [0x0000000082000000, 0x0000000800000000)
  region size 16384K, 1 young (16384K), 1 survivors (16384K)
}
Event: 26.008 {heap Before GC invocations=30 (full 0):
 garbage-first heap   total reserved 31424512K, committed 1196032K, used 751767K [0x0000000082000000, 0x0000000800000000)
  region size 16384K, 43 young (704512K), 1 survivors (16384K)
}
Event: 26.015 {heap After GC invocations=31 (full 0):
 garbage-first heap   total reserved 31424512K, committed 1196032K, used 84041K [0x0000000082000000, 0x0000000800000000)
  region size 16384K, 2 young (32768K), 2 survivors (32768K)
}
Event: 27.405 {heap Before GC invocations=31 (full 0):
 garbage-first heap   total reserved 31424512K, committed 1196032K, used 755785K [0x0000000082000000, 0x0000000800000000)
  region size 16384K, 43 young (704512K), 2 survivors (32768K)
}
Event: 27.413 {heap After GC invocations=32 (full 0):
 garbage-first heap   total reserved 31424512K, committed 1196032K, used 90965K [0x0000000082000000, 0x0000000800000000)
  region size 16384K, 2 young (32768K), 2 survivors (32768K)
}
Event: 282.235 {heap Before GC invocations=32 (full 0):
 garbage-first heap   total reserved 31424512K, committed 1196032K, used 762709K [0x0000000082000000, 0x0000000800000000)
  region size 16384K, 43 young (704512K), 2 survivors (32768K)
}
Event: 282.245 {heap After GC invocations=33 (full 0):
 garbage-first heap   total reserved 31424512K, committed 1196032K, used 108243K [0x0000000082000000, 0x0000000800000000)
  region size 16384K, 3 young (49152K), 3 survivors (49152K)
}
Event: 1011.938 {heap Before GC invocations=33 (full 0):
 garbage-first heap   total reserved 31424512K, committed 1196032K, used 403155K [0x0000000082000000, 0x0000000800000000)
  region size 16384K, 23 young (376832K), 3 survivors (49152K)
}
Event: 1011.954 {heap After GC invocations=34 (full 0):
 garbage-first heap   total reserved 31424512K, committed 1196032K, used 125237K [0x0000000082000000, 0x0000000800000000)
  region size 16384K, 4 young (65536K), 4 survivors (65536K)
}
Event: 1018.649 {heap Before GC invocations=35 (full 0):
 garbage-first heap   total reserved 31424512K, committed 491520K, used 354613K [0x0000000082000000, 0x0000000800000000)
  region size 16384K, 18 young (294912K), 4 survivors (65536K)
}
Event: 1018.661 {heap After GC invocations=36 (full 0):
 garbage-first heap   total reserved 31424512K, committed 491520K, used 135622K [0x0000000082000000, 0x0000000800000000)
  region size 16384K, 3 young (49152K), 3 survivors (49152K)
}
Event: 1020.200 {heap Before GC invocations=36 (full 0):
 garbage-first heap   total reserved 31424512K, committed 491520K, used 266694K [0x0000000082000000, 0x0000000800000000)
  region size 16384K, 12 young (196608K), 3 survivors (49152K)
}
Event: 1020.206 {heap After GC invocations=37 (full 0):
 garbage-first heap   total reserved 31424512K, committed 491520K, used 134768K [0x0000000082000000, 0x0000000800000000)
  region size 16384K, 2 young (32768K), 2 survivors (32768K)
}
Event: 1022.974 {heap Before GC invocations=38 (full 0):
 garbage-first heap   total reserved 31424512K, committed 491520K, used 396912K [0x0000000082000000, 0x0000000800000000)
  region size 16384K, 18 young (294912K), 2 survivors (32768K)
}
Event: 1022.980 {heap After GC invocations=39 (full 0):
 garbage-first heap   total reserved 31424512K, committed 491520K, used 146004K [0x0000000082000000, 0x0000000800000000)
  region size 16384K, 2 young (32768K), 2 survivors (32768K)
}

