# JRE version: OpenJDK Runtime Environment JBR-25+36-176.4-nomod (25.0+36) (build 25+36-b176.4)
# Java VM: OpenJDK 64-Bit Server VM JBR-25+36-176.4-nomod (25+36-b176.4, mixed mode, sharing, tiered, compressed oops, compressed class ptrs, g1 gc, linux-amd64)
GC Precious Log:
 CardTable entry size: 512
 Card Set container configuration: InlinePtr #cards 3 size 8 Array Of Cards #cards 128 size 272 Howl #buckets 8 coarsen threshold 29491 Howl Bitmap #cards 4096 size 528 coarsen threshold 3686 Card regions per heap region 1 cards per card region 32768
 CPUs: 32 total, 32 available
 Memory: 125G
 Large Page Support: Disabled
 NUMA Support: Disabled
 Compressed Oops: Enabled (Zero based)
 Heap Region Size: 16M
 Heap Min Capacity: 16M
 Heap Initial Capacity: 2016M
 Heap Max Capacity: 30688M
 Pre-touch: Disabled
 Parallel Workers: 23
 Concurrent Workers: 6
 Concurrent Refinement Workers: 23
 Periodic GC: Disabled
Heap:
 garbage-first heap   total reserved 31424512K, committed 491520K, used 210762K [0x0000000082000000, 0x0000000800000000)
  region size 16384K, 6 young (98304K), 2 survivors (32768K)
GC Heap Usage History (20 events):
Event: 15.974 {heap Before GC invocations=29 (full 0):
 garbage-first heap   total reserved 31424512K, committed 1196032K, used 754729K [0x0000000082000000, 0x0000000800000000)
  region size 16384K, 43 young (704512K), 2 survivors (32768K)
}
Event: 15.984 {heap After GC invocations=30 (full 0):
 garbage-first heap   total reserved 31424512K, committed 1196032K, used 85752K [0x0000000082000000, 0x0000000800000000)
  region size 16384K, 2 young (32768K), 2 survivors (32768K)
}
Event: 17.487 {heap Before GC invocations=30 (full 0):
 garbage-first heap   total reserved 31424512K, committed 1196032K, used 741112K [0x0000000082000000, 0x0000000800000000)
  region size 16384K, 43 young (704512K), 2 survivors (32768K)
}
Event: 17.497 {heap After GC invocations=31 (full 0):
 garbage-first heap   total reserved 31424512K, committed 1196032K, used 92906K [0x0000000082000000, 0x0000000800000000)
  region size 16384K, 2 young (32768K), 2 survivors (32768K)
}
Event: 273.095 {heap Before GC invocations=31 (full 0):
 garbage-first heap   total reserved 31424512K, committed 1196032K, used 748266K [0x0000000082000000, 0x0000000800000000)
  region size 16384K, 43 young (704512K), 2 survivors (32768K)
}
Event: 273.110 {heap After GC invocations=32 (full 0):
 garbage-first heap   total reserved 31424512K, committed 1196032K, used 117194K [0x0000000082000000, 0x0000000800000000)
  region size 16384K, 4 young (65536K), 4 survivors (65536K)
}
Event: 274.144 {heap Before GC invocations=32 (full 0):
 garbage-first heap   total reserved 31424512K, committed 1196032K, used 149962K [0x0000000082000000, 0x0000000800000000)
  region size 16384K, 7 young (114688K), 4 survivors (65536K)
}
Event: 274.159 {heap After GC invocations=33 (full 0):
 garbage-first heap   total reserved 31424512K, committed 1196032K, used 119534K [0x0000000082000000, 0x0000000800000000)
  region size 16384K, 4 young (65536K), 4 survivors (65536K)
}
Event: 326.240 {heap Before GC invocations=34 (full 0):
 garbage-first heap   total reserved 31424512K, committed 491520K, used 332526K [0x0000000082000000, 0x0000000800000000)
  region size 16384K, 18 young (294912K), 4 survivors (65536K)
}
Event: 326.259 {heap After GC invocations=35 (full 0):
 garbage-first heap   total reserved 31424512K, committed 491520K, used 140578K [0x0000000082000000, 0x0000000800000000)
  region size 16384K, 2 young (32768K), 2 survivors (32768K)
}
Event: 567.392 {heap Before GC invocations=36 (full 0):
 garbage-first heap   total reserved 31424512K, committed 491520K, used 271650K [0x0000000082000000, 0x0000000800000000)
  region size 16384K, 12 young (196608K), 2 survivors (32768K)
}
Event: 567.400 {heap After GC invocations=37 (full 0):
 garbage-first heap   total reserved 31424512K, committed 491520K, used 139669K [0x0000000082000000, 0x0000000800000000)
  region size 16384K, 2 young (32768K), 2 survivors (32768K)
}
Event: 828.740 {heap Before GC invocations=38 (full 0):
 garbage-first heap   total reserved 31424512K, committed 491520K, used 401813K [0x0000000082000000, 0x0000000800000000)
  region size 16384K, 18 young (294912K), 2 survivors (32768K)
}
Event: 828.750 {heap After GC invocations=39 (full 0):
 garbage-first heap   total reserved 31424512K, committed 491520K, used 141981K [0x0000000082000000, 0x0000000800000000)
  region size 16384K, 2 young (32768K), 2 survivors (32768K)
}
Event: 829.989 {heap Before GC invocations=39 (full 0):
 garbage-first heap   total reserved 31424512K, committed 491520K, used 338589K [0x0000000082000000, 0x0000000800000000)
  region size 16384K, 15 young (245760K), 2 survivors (32768K)
}
Event: 830.000 {heap After GC invocations=40 (full 0):
 garbage-first heap   total reserved 31424512K, committed 491520K, used 147863K [0x0000000082000000, 0x0000000800000000)
  region size 16384K, 1 young (16384K), 1 survivors (16384K)
}
Event: 836.311 {heap Before GC invocations=41 (full 0):
 garbage-first heap   total reserved 31424512K, committed 491520K, used 393623K [0x0000000082000000, 0x0000000800000000)
  region size 16384K, 17 young (278528K), 1 survivors (16384K)
}
Event: 836.317 {heap After GC invocations=42 (full 0):
 garbage-first heap   total reserved 31424512K, committed 491520K, used 154293K [0x0000000082000000, 0x0000000800000000)
  region size 16384K, 2 young (32768K), 2 survivors (32768K)
}
Event: 840.863 {heap Before GC invocations=42 (full 0):
 garbage-first heap   total reserved 31424512K, committed 491520K, used 416437K [0x0000000082000000, 0x0000000800000000)
  region size 16384K, 18 young (294912K), 2 survivors (32768K)
}
Event: 840.869 {heap After GC invocations=43 (full 0):
 garbage-first heap   total reserved 31424512K, committed 491520K, used 161610K [0x0000000082000000, 0x0000000800000000)
  region size 16384K, 2 young (32768K), 2 survivors (32768K)
}

